26-03-19.09:05:26.953 [AMQP Connection 175.178.182.172:5672] WARN  ForgivingExceptionHandler - An unexpected connection driver error occurred (Exception message: Connection reset)
26-03-19.09:05:27.709 [redisson-timer-4-1] ERROR PingConnectionHandler  - Unable to send PING command over channel: [id: 0x767e1c60, L:/10.1.0.105:7930 - R:175.178.182.172/175.178.182.172:16379]
org.redisson.client.RedisTimeoutException: Command execution timeout for command: (PING), params: [], Redis client: [addr=redis://175.178.182.172:16379]
	at org.redisson.client.RedisConnection.lambda$async$0(RedisConnection.java:256)
	at io.netty.util.HashedWheelTimer$HashedWheelTimeout.run(HashedWheelTimer.java:715)
	at io.netty.util.concurrent.ImmediateExecutor.execute(ImmediateExecutor.java:34)
	at io.netty.util.HashedWheelTimer$HashedWheelTimeout.expire(HashedWheelTimer.java:703)
	at io.netty.util.HashedWheelTimer$HashedWheelBucket.expireTimeouts(HashedWheelTimer.java:790)
	at io.netty.util.HashedWheelTimer$Worker.run(HashedWheelTimer.java:503)
	at io.netty.util.concurrent.FastThreadLocalRunnable.run(FastThreadLocalRunnable.java:30)
	at java.base/java.lang.Thread.run(Thread.java:829)
26-03-19.09:05:27.710 [redisson-netty-2-10] ERROR ErrorsLoggingHandler   - Exception occured. Channel: [id: 0xcb9b43e0, L:/10.1.0.105:7934 - R:175.178.182.172/175.178.182.172:16379]
java.io.IOException: 远程主机强迫关闭了一个现有的连接。
	at java.base/sun.nio.ch.SocketDispatcher.read0(Native Method)
	at java.base/sun.nio.ch.SocketDispatcher.read(SocketDispatcher.java:43)
	at java.base/sun.nio.ch.IOUtil.readIntoNativeBuffer(IOUtil.java:276)
	at java.base/sun.nio.ch.IOUtil.read(IOUtil.java:233)
	at java.base/sun.nio.ch.IOUtil.read(IOUtil.java:223)
	at java.base/sun.nio.ch.SocketChannelImpl.read(SocketChannelImpl.java:356)
	at io.netty.buffer.PooledByteBuf.setBytes(PooledByteBuf.java:256)
	at io.netty.buffer.AbstractByteBuf.writeBytes(AbstractByteBuf.java:1132)
	at io.netty.channel.socket.nio.NioSocketChannel.doReadBytes(NioSocketChannel.java:357)
	at io.netty.channel.nio.AbstractNioByteChannel$NioByteUnsafe.read(AbstractNioByteChannel.java:151)
	at io.netty.channel.nio.NioEventLoop.processSelectedKey(NioEventLoop.java:788)
	at io.netty.channel.nio.NioEventLoop.processSelectedKeysOptimized(NioEventLoop.java:724)
	at io.netty.channel.nio.NioEventLoop.processSelectedKeys(NioEventLoop.java:650)
	at io.netty.channel.nio.NioEventLoop.run(NioEventLoop.java:562)
	at io.netty.util.concurrent.SingleThreadEventExecutor$4.run(SingleThreadEventExecutor.java:997)
	at io.netty.util.internal.ThreadExecutorMap$2.run(ThreadExecutorMap.java:74)
	at io.netty.util.concurrent.FastThreadLocalRunnable.run(FastThreadLocalRunnable.java:30)
	at java.base/java.lang.Thread.run(Thread.java:829)
26-03-19.09:05:27.710 [redisson-netty-2-8] ERROR ErrorsLoggingHandler   - Exception occured. Channel: [id: 0xc73ffcdb, L:/10.1.0.105:7933 - R:175.178.182.172/175.178.182.172:16379]
java.io.IOException: 远程主机强迫关闭了一个现有的连接。
	at java.base/sun.nio.ch.SocketDispatcher.read0(Native Method)
	at java.base/sun.nio.ch.SocketDispatcher.read(SocketDispatcher.java:43)
	at java.base/sun.nio.ch.IOUtil.readIntoNativeBuffer(IOUtil.java:276)
	at java.base/sun.nio.ch.IOUtil.read(IOUtil.java:233)
	at java.base/sun.nio.ch.IOUtil.read(IOUtil.java:223)
	at java.base/sun.nio.ch.SocketChannelImpl.read(SocketChannelImpl.java:356)
	at io.netty.buffer.PooledByteBuf.setBytes(PooledByteBuf.java:256)
	at io.netty.buffer.AbstractByteBuf.writeBytes(AbstractByteBuf.java:1132)
	at io.netty.channel.socket.nio.NioSocketChannel.doReadBytes(NioSocketChannel.java:357)
	at io.netty.channel.nio.AbstractNioByteChannel$NioByteUnsafe.read(AbstractNioByteChannel.java:151)
	at io.netty.channel.nio.NioEventLoop.processSelectedKey(NioEventLoop.java:788)
	at io.netty.channel.nio.NioEventLoop.processSelectedKeysOptimized(NioEventLoop.java:724)
	at io.netty.channel.nio.NioEventLoop.processSelectedKeys(NioEventLoop.java:650)
	at io.netty.channel.nio.NioEventLoop.run(NioEventLoop.java:562)
	at io.netty.util.concurrent.SingleThreadEventExecutor$4.run(SingleThreadEventExecutor.java:997)
	at io.netty.util.internal.ThreadExecutorMap$2.run(ThreadExecutorMap.java:74)
	at io.netty.util.concurrent.FastThreadLocalRunnable.run(FastThreadLocalRunnable.java:30)
	at java.base/java.lang.Thread.run(Thread.java:829)
26-03-19.09:05:27.709 [redisson-netty-2-2] ERROR ErrorsLoggingHandler   - Exception occured. Channel: [id: 0x692266df, L:/10.1.0.105:7929 - R:175.178.182.172/175.178.182.172:16379]
java.io.IOException: 远程主机强迫关闭了一个现有的连接。
	at java.base/sun.nio.ch.SocketDispatcher.read0(Native Method)
	at java.base/sun.nio.ch.SocketDispatcher.read(SocketDispatcher.java:43)
	at java.base/sun.nio.ch.IOUtil.readIntoNativeBuffer(IOUtil.java:276)
	at java.base/sun.nio.ch.IOUtil.read(IOUtil.java:233)
	at java.base/sun.nio.ch.IOUtil.read(IOUtil.java:223)
	at java.base/sun.nio.ch.SocketChannelImpl.read(SocketChannelImpl.java:356)
	at io.netty.buffer.PooledByteBuf.setBytes(PooledByteBuf.java:256)
	at io.netty.buffer.AbstractByteBuf.writeBytes(AbstractByteBuf.java:1132)
	at io.netty.channel.socket.nio.NioSocketChannel.doReadBytes(NioSocketChannel.java:357)
	at io.netty.channel.nio.AbstractNioByteChannel$NioByteUnsafe.read(AbstractNioByteChannel.java:151)
	at io.netty.channel.nio.NioEventLoop.processSelectedKey(NioEventLoop.java:788)
	at io.netty.channel.nio.NioEventLoop.processSelectedKeysOptimized(NioEventLoop.java:724)
	at io.netty.channel.nio.NioEventLoop.processSelectedKeys(NioEventLoop.java:650)
	at io.netty.channel.nio.NioEventLoop.run(NioEventLoop.java:562)
	at io.netty.util.concurrent.SingleThreadEventExecutor$4.run(SingleThreadEventExecutor.java:997)
	at io.netty.util.internal.ThreadExecutorMap$2.run(ThreadExecutorMap.java:74)
	at io.netty.util.concurrent.FastThreadLocalRunnable.run(FastThreadLocalRunnable.java:30)
	at java.base/java.lang.Thread.run(Thread.java:829)
26-03-19.09:05:27.710 [redisson-netty-2-5] ERROR ErrorsLoggingHandler   - Exception occured. Channel: [id: 0xda74d94a, L:/10.1.0.105:7931 - R:175.178.182.172/175.178.182.172:16379]
java.io.IOException: 远程主机强迫关闭了一个现有的连接。
	at java.base/sun.nio.ch.SocketDispatcher.read0(Native Method)
	at java.base/sun.nio.ch.SocketDispatcher.read(SocketDispatcher.java:43)
	at java.base/sun.nio.ch.IOUtil.readIntoNativeBuffer(IOUtil.java:276)
	at java.base/sun.nio.ch.IOUtil.read(IOUtil.java:233)
	at java.base/sun.nio.ch.IOUtil.read(IOUtil.java:223)
	at java.base/sun.nio.ch.SocketChannelImpl.read(SocketChannelImpl.java:356)
	at io.netty.buffer.PooledByteBuf.setBytes(PooledByteBuf.java:256)
	at io.netty.buffer.AbstractByteBuf.writeBytes(AbstractByteBuf.java:1132)
	at io.netty.channel.socket.nio.NioSocketChannel.doReadBytes(NioSocketChannel.java:357)
	at io.netty.channel.nio.AbstractNioByteChannel$NioByteUnsafe.read(AbstractNioByteChannel.java:151)
	at io.netty.channel.nio.NioEventLoop.processSelectedKey(NioEventLoop.java:788)
	at io.netty.channel.nio.NioEventLoop.processSelectedKeysOptimized(NioEventLoop.java:724)
	at io.netty.channel.nio.NioEventLoop.processSelectedKeys(NioEventLoop.java:650)
	at io.netty.channel.nio.NioEventLoop.run(NioEventLoop.java:562)
	at io.netty.util.concurrent.SingleThreadEventExecutor$4.run(SingleThreadEventExecutor.java:997)
	at io.netty.util.internal.ThreadExecutorMap$2.run(ThreadExecutorMap.java:74)
	at io.netty.util.concurrent.FastThreadLocalRunnable.run(FastThreadLocalRunnable.java:30)
	at java.base/java.lang.Thread.run(Thread.java:829)
26-03-19.09:05:27.710 [redisson-timer-4-1] ERROR PingConnectionHandler  - Unable to send PING command over channel: [id: 0xda74d94a, L:/10.1.0.105:7931 - R:175.178.182.172/175.178.182.172:16379]
org.redisson.client.RedisTimeoutException: Command execution timeout for command: (PING), params: [], Redis client: [addr=redis://175.178.182.172:16379]
	at org.redisson.client.RedisConnection.lambda$async$0(RedisConnection.java:256)
	at io.netty.util.HashedWheelTimer$HashedWheelTimeout.run(HashedWheelTimer.java:715)
	at io.netty.util.concurrent.ImmediateExecutor.execute(ImmediateExecutor.java:34)
	at io.netty.util.HashedWheelTimer$HashedWheelTimeout.expire(HashedWheelTimer.java:703)
	at io.netty.util.HashedWheelTimer$HashedWheelBucket.expireTimeouts(HashedWheelTimer.java:790)
	at io.netty.util.HashedWheelTimer$Worker.run(HashedWheelTimer.java:503)
	at io.netty.util.concurrent.FastThreadLocalRunnable.run(FastThreadLocalRunnable.java:30)
	at java.base/java.lang.Thread.run(Thread.java:829)
26-03-19.09:05:27.710 [redisson-netty-2-3] ERROR ErrorsLoggingHandler   - Exception occured. Channel: [id: 0x767e1c60, L:/10.1.0.105:7930 - R:175.178.182.172/175.178.182.172:16379]
java.io.IOException: 远程主机强迫关闭了一个现有的连接。
	at java.base/sun.nio.ch.SocketDispatcher.read0(Native Method)
	at java.base/sun.nio.ch.SocketDispatcher.read(SocketDispatcher.java:43)
	at java.base/sun.nio.ch.IOUtil.readIntoNativeBuffer(IOUtil.java:276)
	at java.base/sun.nio.ch.IOUtil.read(IOUtil.java:233)
	at java.base/sun.nio.ch.IOUtil.read(IOUtil.java:223)
	at java.base/sun.nio.ch.SocketChannelImpl.read(SocketChannelImpl.java:356)
	at io.netty.buffer.PooledByteBuf.setBytes(PooledByteBuf.java:256)
	at io.netty.buffer.AbstractByteBuf.writeBytes(AbstractByteBuf.java:1132)
	at io.netty.channel.socket.nio.NioSocketChannel.doReadBytes(NioSocketChannel.java:357)
	at io.netty.channel.nio.AbstractNioByteChannel$NioByteUnsafe.read(AbstractNioByteChannel.java:151)
	at io.netty.channel.nio.NioEventLoop.processSelectedKey(NioEventLoop.java:788)
	at io.netty.channel.nio.NioEventLoop.processSelectedKeysOptimized(NioEventLoop.java:724)
	at io.netty.channel.nio.NioEventLoop.processSelectedKeys(NioEventLoop.java:650)
	at io.netty.channel.nio.NioEventLoop.run(NioEventLoop.java:562)
	at io.netty.util.concurrent.SingleThreadEventExecutor$4.run(SingleThreadEventExecutor.java:997)
	at io.netty.util.internal.ThreadExecutorMap$2.run(ThreadExecutorMap.java:74)
	at io.netty.util.concurrent.FastThreadLocalRunnable.run(FastThreadLocalRunnable.java:30)
	at java.base/java.lang.Thread.run(Thread.java:829)
26-03-19.09:05:27.711 [redisson-timer-4-1] ERROR PingConnectionHandler  - Unable to send PING command over channel: [id: 0xc73ffcdb, L:/10.1.0.105:7933 - R:175.178.182.172/175.178.182.172:16379]
org.redisson.client.RedisTimeoutException: Command execution timeout for command: (PING), params: [], Redis client: [addr=redis://175.178.182.172:16379]
	at org.redisson.client.RedisConnection.lambda$async$0(RedisConnection.java:256)
	at io.netty.util.HashedWheelTimer$HashedWheelTimeout.run(HashedWheelTimer.java:715)
	at io.netty.util.concurrent.ImmediateExecutor.execute(ImmediateExecutor.java:34)
	at io.netty.util.HashedWheelTimer$HashedWheelTimeout.expire(HashedWheelTimer.java:703)
	at io.netty.util.HashedWheelTimer$HashedWheelBucket.expireTimeouts(HashedWheelTimer.java:790)
	at io.netty.util.HashedWheelTimer$Worker.run(HashedWheelTimer.java:503)
	at io.netty.util.concurrent.FastThreadLocalRunnable.run(FastThreadLocalRunnable.java:30)
	at java.base/java.lang.Thread.run(Thread.java:829)
26-03-19.09:05:27.713 [redisson-timer-4-1] ERROR PingConnectionHandler  - Unable to send PING command over channel: [id: 0xcb9b43e0, L:/10.1.0.105:7934 ! R:175.178.182.172/175.178.182.172:16379]
org.redisson.client.RedisTimeoutException: Command execution timeout for command: (PING), params: [], Redis client: [addr=redis://175.178.182.172:16379]
	at org.redisson.client.RedisConnection.lambda$async$0(RedisConnection.java:256)
	at io.netty.util.HashedWheelTimer$HashedWheelTimeout.run(HashedWheelTimer.java:715)
	at io.netty.util.concurrent.ImmediateExecutor.execute(ImmediateExecutor.java:34)
	at io.netty.util.HashedWheelTimer$HashedWheelTimeout.expire(HashedWheelTimer.java:703)
	at io.netty.util.HashedWheelTimer$HashedWheelBucket.expireTimeouts(HashedWheelTimer.java:790)
	at io.netty.util.HashedWheelTimer$Worker.run(HashedWheelTimer.java:503)
	at io.netty.util.concurrent.FastThreadLocalRunnable.run(FastThreadLocalRunnable.java:30)
	at java.base/java.lang.Thread.run(Thread.java:829)
26-03-19.09:05:27.713 [redisson-timer-4-1] ERROR PingConnectionHandler  - Unable to send PING command over channel: [id: 0xd31fb6fd, L:/10.1.0.105:7935 - R:175.178.182.172/175.178.182.172:16379]
org.redisson.client.RedisTimeoutException: Command execution timeout for command: (PING), params: [], Redis client: [addr=redis://175.178.182.172:16379]
	at org.redisson.client.RedisConnection.lambda$async$0(RedisConnection.java:256)
	at io.netty.util.HashedWheelTimer$HashedWheelTimeout.run(HashedWheelTimer.java:715)
	at io.netty.util.concurrent.ImmediateExecutor.execute(ImmediateExecutor.java:34)
	at io.netty.util.HashedWheelTimer$HashedWheelTimeout.expire(HashedWheelTimer.java:703)
	at io.netty.util.HashedWheelTimer$HashedWheelBucket.expireTimeouts(HashedWheelTimer.java:790)
	at io.netty.util.HashedWheelTimer$Worker.run(HashedWheelTimer.java:503)
	at io.netty.util.concurrent.FastThreadLocalRunnable.run(FastThreadLocalRunnable.java:30)
	at java.base/java.lang.Thread.run(Thread.java:829)
26-03-19.09:05:27.727 [redisson-netty-2-12] ERROR ErrorsLoggingHandler   - Exception occured. Channel: [id: 0xd31fb6fd, L:/10.1.0.105:7935 - R:175.178.182.172/175.178.182.172:16379]
java.io.IOException: 远程主机强迫关闭了一个现有的连接。
	at java.base/sun.nio.ch.SocketDispatcher.read0(Native Method)
	at java.base/sun.nio.ch.SocketDispatcher.read(SocketDispatcher.java:43)
	at java.base/sun.nio.ch.IOUtil.readIntoNativeBuffer(IOUtil.java:276)
	at java.base/sun.nio.ch.IOUtil.read(IOUtil.java:233)
	at java.base/sun.nio.ch.IOUtil.read(IOUtil.java:223)
	at java.base/sun.nio.ch.SocketChannelImpl.read(SocketChannelImpl.java:356)
	at io.netty.buffer.PooledByteBuf.setBytes(PooledByteBuf.java:256)
	at io.netty.buffer.AbstractByteBuf.writeBytes(AbstractByteBuf.java:1132)
	at io.netty.channel.socket.nio.NioSocketChannel.doReadBytes(NioSocketChannel.java:357)
	at io.netty.channel.nio.AbstractNioByteChannel$NioByteUnsafe.read(AbstractNioByteChannel.java:151)
	at io.netty.channel.nio.NioEventLoop.processSelectedKey(NioEventLoop.java:788)
	at io.netty.channel.nio.NioEventLoop.processSelectedKeysOptimized(NioEventLoop.java:724)
	at io.netty.channel.nio.NioEventLoop.processSelectedKeys(NioEventLoop.java:650)
	at io.netty.channel.nio.NioEventLoop.run(NioEventLoop.java:562)
	at io.netty.util.concurrent.SingleThreadEventExecutor$4.run(SingleThreadEventExecutor.java:997)
	at io.netty.util.internal.ThreadExecutorMap$2.run(ThreadExecutorMap.java:74)
	at io.netty.util.concurrent.FastThreadLocalRunnable.run(FastThreadLocalRunnable.java:30)
	at java.base/java.lang.Thread.run(Thread.java:829)
26-03-19.09:05:28.250 [scheduling-1    ] ERROR UpdateActivitySkuStockJob - 定时任务，更新活动sku库存失败
org.springframework.dao.QueryTimeoutException: Redis server response timeout (3000 ms) occured after 0 retry attempts, is non-idempotent command: true Check connection with Redis node: 175.178.182.172/175.178.182.172:16379 for TCP packet drops or bandwidth limits.  Try to increase nettyThreads and/or timeout settings. Command: (LPOP), params: [activity_sku_count_query_key], channel: [id: 0x692266df, L:/10.1.0.105:7929 - R:175.178.182.172/175.178.182.172:16379]; nested exception is org.redisson.client.RedisResponseTimeoutException: Redis server response timeout (3000 ms) occured after 0 retry attempts, is non-idempotent command: true Check connection with Redis node: 175.178.182.172/175.178.182.172:16379 for TCP packet drops or bandwidth limits.  Try to increase nettyThreads and/or timeout settings. Command: (LPOP), params: [activity_sku_count_query_key], channel: [id: 0x692266df, L:/10.1.0.105:7929 - R:175.178.182.172/175.178.182.172:16379]
	at org.redisson.spring.data.connection.RedissonExceptionConverter.convert(RedissonExceptionConverter.java:48)
	at org.redisson.spring.data.connection.RedissonExceptionConverter.convert(RedissonExceptionConverter.java:35)
	at org.springframework.data.redis.PassThroughExceptionTranslationStrategy.translate(PassThroughExceptionTranslationStrategy.java:44)
	at org.redisson.spring.data.connection.RedissonConnectionFactory.translateExceptionIfPossible(RedissonConnectionFactory.java:91)
	at org.springframework.dao.support.ChainedPersistenceExceptionTranslator.translateExceptionIfPossible(ChainedPersistenceExceptionTranslator.java:61)
	at org.springframework.dao.support.DataAccessUtils.translateIfNecessary(DataAccessUtils.java:242)
	at org.springframework.dao.support.PersistenceExceptionTranslationInterceptor.invoke(PersistenceExceptionTranslationInterceptor.java:152)
	at org.springframework.aop.framework.ReflectiveMethodInvocation.proceed(ReflectiveMethodInvocation.java:186)
	at org.springframework.aop.framework.CglibAopProxy$CglibMethodInvocation.proceed(CglibAopProxy.java:763)
	at org.springframework.aop.framework.CglibAopProxy$DynamicAdvisedInterceptor.intercept(CglibAopProxy.java:708)
	at com.lym.infrastructure.persistent.repository.ActivityRepository$$EnhancerBySpringCGLIB$$10fd5f79.takeQueueValue(<generated>)
	at com.lym.domain.activity.service.quota.RaffleActivityAccountQuotaService.takeQueueValue(RaffleActivityAccountQuotaService.java:59)
	at com.lym.trigger.job.UpdateActivitySkuStockJob.exec(UpdateActivitySkuStockJob.java:27)
	at jdk.internal.reflect.GeneratedMethodAccessor136.invoke(Unknown Source)
	at java.base/jdk.internal.reflect.DelegatingMethodAccessorImpl.invoke(DelegatingMethodAccessorImpl.java:43)
	at java.base/java.lang.reflect.Method.invoke(Method.java:566)
	at org.springframework.scheduling.support.ScheduledMethodRunnable.run(ScheduledMethodRunnable.java:84)
	at org.springframework.scheduling.support.DelegatingErrorHandlingRunnable.run(DelegatingErrorHandlingRunnable.java:54)
	at org.springframework.scheduling.concurrent.ReschedulingRunnable.run(ReschedulingRunnable.java:95)
	at java.base/java.util.concurrent.Executors$RunnableAdapter.call(Executors.java:515)
	at java.base/java.util.concurrent.FutureTask.run(FutureTask.java:264)
	at java.base/java.util.concurrent.ScheduledThreadPoolExecutor$ScheduledFutureTask.run(ScheduledThreadPoolExecutor.java:304)
	at java.base/java.util.concurrent.ThreadPoolExecutor.runWorker(ThreadPoolExecutor.java:1128)
	at java.base/java.util.concurrent.ThreadPoolExecutor$Worker.run(ThreadPoolExecutor.java:628)
	at java.base/java.lang.Thread.run(Thread.java:829)
Caused by: org.redisson.client.RedisResponseTimeoutException: Redis server response timeout (3000 ms) occured after 0 retry attempts, is non-idempotent command: true Check connection with Redis node: 175.178.182.172/175.178.182.172:16379 for TCP packet drops or bandwidth limits.  Try to increase nettyThreads and/or timeout settings. Command: (LPOP), params: [activity_sku_count_query_key], channel: [id: 0x692266df, L:/10.1.0.105:7929 - R:175.178.182.172/175.178.182.172:16379]
	at org.redisson.command.RedisExecutor.lambda$scheduleResponseTimeout$9(RedisExecutor.java:407)
	at io.netty.util.HashedWheelTimer$HashedWheelTimeout.run(HashedWheelTimer.java:715)
	at io.netty.util.concurrent.ImmediateExecutor.execute(ImmediateExecutor.java:34)
	at io.netty.util.HashedWheelTimer$HashedWheelTimeout.expire(HashedWheelTimer.java:703)
	at io.netty.util.HashedWheelTimer$HashedWheelBucket.expireTimeouts(HashedWheelTimer.java:790)
	at io.netty.util.HashedWheelTimer$Worker.run(HashedWheelTimer.java:503)
	at io.netty.util.concurrent.FastThreadLocalRunnable.run(FastThreadLocalRunnable.java:30)
	... 1 common frames omitted
26-03-19.09:05:29.029 [pool-6-thread-20] WARN  PoolBase               - Retail_HikariCP - Failed to validate connection com.mysql.cj.jdbc.ConnectionImpl@343a578f (The last packet successfully received from the server was 49,008,351 milliseconds ago. The last packet sent successfully to the server was 49,008,418 milliseconds ago. is longer than the server configured value of 'wait_timeout'. You should consider either expiring and/or testing connection validity before use in your application, increasing the server configured values for client timeouts, or using the Connector/J connection property 'autoReconnect=true' to avoid this problem.). Possibly consider using a shorter maxLifetime value.
26-03-19.09:05:29.229 [pool-6-thread-19] WARN  PoolBase               - Retail_HikariCP - Failed to validate connection com.mysql.cj.jdbc.ConnectionImpl@7bf36b93 (The last packet successfully received from the server was 49,008,370 milliseconds ago. The last packet sent successfully to the server was 49,008,426 milliseconds ago. is longer than the server configured value of 'wait_timeout'. You should consider either expiring and/or testing connection validity before use in your application, increasing the server configured values for client timeouts, or using the Connector/J connection property 'autoReconnect=true' to avoid this problem.). Possibly consider using a shorter maxLifetime value.
26-03-19.09:05:29.288 [pool-6-thread-20] WARN  PoolBase               - Retail_HikariCP - Failed to validate connection com.mysql.cj.jdbc.ConnectionImpl@3e84a779 (The last packet successfully received from the server was 49,297,546 milliseconds ago. The last packet sent successfully to the server was 49,297,604 milliseconds ago. is longer than the server configured value of 'wait_timeout'. You should consider either expiring and/or testing connection validity before use in your application, increasing the server configured values for client timeouts, or using the Connector/J connection property 'autoReconnect=true' to avoid this problem.). Possibly consider using a shorter maxLifetime value.
26-03-19.09:05:29.288 [pool-6-thread-19] WARN  PoolBase               - Retail_HikariCP - Failed to validate connection com.mysql.cj.jdbc.ConnectionImpl@3f2d9821 (The last packet successfully received from the server was 49,297,617 milliseconds ago. The last packet sent successfully to the server was 49,297,680 milliseconds ago. is longer than the server configured value of 'wait_timeout'. You should consider either expiring and/or testing connection validity before use in your application, increasing the server configured values for client timeouts, or using the Connector/J connection property 'autoReconnect=true' to avoid this problem.). Possibly consider using a shorter maxLifetime value.
26-03-19.09:05:29.464 [pool-6-thread-19] WARN  PoolBase               - Retail_HikariCP - Failed to validate connection com.mysql.cj.jdbc.ConnectionImpl@5874a026 (The last packet successfully received from the server was 49,297,111 milliseconds ago. The last packet sent successfully to the server was 49,297,168 milliseconds ago. is longer than the server configured value of 'wait_timeout'. You should consider either expiring and/or testing connection validity before use in your application, increasing the server configured values for client timeouts, or using the Connector/J connection property 'autoReconnect=true' to avoid this problem.). Possibly consider using a shorter maxLifetime value.
26-03-19.09:05:29.464 [org.springframework.amqp.rabbit.RabbitListenerEndpointContainer#1-2] ERROR SimpleMessageListenerContainer - Failed to check/redeclare auto-delete queue(s).
org.springframework.amqp.AmqpIOException: java.net.NoRouteToHostException: No route to host: connect
	at org.springframework.amqp.rabbit.support.RabbitExceptionTranslator.convertRabbitAccessException(RabbitExceptionTranslator.java:70)
	at org.springframework.amqp.rabbit.connection.AbstractConnectionFactory.createBareConnection(AbstractConnectionFactory.java:603)
	at org.springframework.amqp.rabbit.connection.CachingConnectionFactory.createConnection(CachingConnectionFactory.java:725)
	at org.springframework.amqp.rabbit.connection.CachingConnectionFactory.createBareChannel(CachingConnectionFactory.java:676)
	at org.springframework.amqp.rabbit.connection.CachingConnectionFactory.getCachedChannelProxy(CachingConnectionFactory.java:650)
	at org.springframework.amqp.rabbit.connection.CachingConnectionFactory.getChannel(CachingConnectionFactory.java:540)
	at org.springframework.amqp.rabbit.connection.CachingConnectionFactory.access$1600(CachingConnectionFactory.java:100)
	at org.springframework.amqp.rabbit.connection.CachingConnectionFactory$ChannelCachingConnectionProxy.createChannel(CachingConnectionFactory.java:1418)
	at org.springframework.amqp.rabbit.core.RabbitTemplate.doExecute(RabbitTemplate.java:2216)
	at org.springframework.amqp.rabbit.core.RabbitTemplate.execute(RabbitTemplate.java:2183)
	at org.springframework.amqp.rabbit.core.RabbitTemplate.execute(RabbitTemplate.java:2163)
	at org.springframework.amqp.rabbit.core.RabbitAdmin.getQueueInfo(RabbitAdmin.java:463)
	at org.springframework.amqp.rabbit.core.RabbitAdmin.getQueueProperties(RabbitAdmin.java:447)
	at org.springframework.amqp.rabbit.listener.AbstractMessageListenerContainer.attemptDeclarations(AbstractMessageListenerContainer.java:1942)
	at org.springframework.amqp.rabbit.listener.AbstractMessageListenerContainer.redeclareElementsIfNecessary(AbstractMessageListenerContainer.java:1915)
	at org.springframework.amqp.rabbit.listener.SimpleMessageListenerContainer$AsyncMessageProcessingConsumer.initialize(SimpleMessageListenerContainer.java:1384)
	at org.springframework.amqp.rabbit.listener.SimpleMessageListenerContainer$AsyncMessageProcessingConsumer.run(SimpleMessageListenerContainer.java:1230)
	at java.base/java.lang.Thread.run(Thread.java:829)
Caused by: java.net.NoRouteToHostException: No route to host: connect
	at java.base/java.net.PlainSocketImpl.waitForConnect(Native Method)
	at java.base/java.net.PlainSocketImpl.socketConnect(PlainSocketImpl.java:107)
	at java.base/java.net.AbstractPlainSocketImpl.doConnect(AbstractPlainSocketImpl.java:412)
	at java.base/java.net.AbstractPlainSocketImpl.connectToAddress(AbstractPlainSocketImpl.java:255)
	at java.base/java.net.AbstractPlainSocketImpl.connect(AbstractPlainSocketImpl.java:237)
	at java.base/java.net.SocksSocketImpl.connect(SocksSocketImpl.java:392)
	at java.base/java.net.Socket.connect(Socket.java:609)
	at com.rabbitmq.client.impl.SocketFrameHandlerFactory.create(SocketFrameHandlerFactory.java:60)
	at com.rabbitmq.client.ConnectionFactory.newConnection(ConnectionFactory.java:1223)
	at com.rabbitmq.client.ConnectionFactory.newConnection(ConnectionFactory.java:1173)
	at org.springframework.amqp.rabbit.connection.AbstractConnectionFactory.connectAddresses(AbstractConnectionFactory.java:641)
	at org.springframework.amqp.rabbit.connection.AbstractConnectionFactory.connect(AbstractConnectionFactory.java:616)
	at org.springframework.amqp.rabbit.connection.AbstractConnectionFactory.createBareConnection(AbstractConnectionFactory.java:566)
	... 16 common frames omitted
26-03-19.09:05:29.473 [pool-6-thread-20] WARN  PoolBase               - Retail_HikariCP - Failed to validate connection com.mysql.cj.jdbc.ConnectionImpl@58640909 (The last packet successfully received from the server was 49,297,100 milliseconds ago. The last packet sent successfully to the server was 49,297,161 milliseconds ago. is longer than the server configured value of 'wait_timeout'. You should consider either expiring and/or testing connection validity before use in your application, increasing the server configured values for client timeouts, or using the Connector/J connection property 'autoReconnect=true' to avoid this problem.). Possibly consider using a shorter maxLifetime value.
26-03-19.09:05:29.522 [pool-6-thread-19] WARN  PoolBase               - Retail_HikariCP - Failed to validate connection com.mysql.cj.jdbc.ConnectionImpl@383be748 (The last packet successfully received from the server was 49,296,651 milliseconds ago. The last packet sent successfully to the server was 49,296,706 milliseconds ago. is longer than the server configured value of 'wait_timeout'. You should consider either expiring and/or testing connection validity before use in your application, increasing the server configured values for client timeouts, or using the Connector/J connection property 'autoReconnect=true' to avoid this problem.). Possibly consider using a shorter maxLifetime value.
26-03-19.09:05:29.522 [org.springframework.amqp.rabbit.RabbitListenerEndpointContainer#2-2] ERROR SimpleMessageListenerContainer - Failed to check/redeclare auto-delete queue(s).
org.springframework.amqp.AmqpIOException: java.net.NoRouteToHostException: No route to host: connect
	at org.springframework.amqp.rabbit.support.RabbitExceptionTranslator.convertRabbitAccessException(RabbitExceptionTranslator.java:70)
	at org.springframework.amqp.rabbit.connection.AbstractConnectionFactory.createBareConnection(AbstractConnectionFactory.java:603)
	at org.springframework.amqp.rabbit.connection.CachingConnectionFactory.createConnection(CachingConnectionFactory.java:725)
	at org.springframework.amqp.rabbit.connection.ConnectionFactoryUtils.createConnection(ConnectionFactoryUtils.java:252)
	at org.springframework.amqp.rabbit.core.RabbitTemplate.doExecute(RabbitTemplate.java:2210)
	at org.springframework.amqp.rabbit.core.RabbitTemplate.execute(RabbitTemplate.java:2183)
	at org.springframework.amqp.rabbit.core.RabbitTemplate.execute(RabbitTemplate.java:2163)
	at org.springframework.amqp.rabbit.core.RabbitAdmin.getQueueInfo(RabbitAdmin.java:463)
	at org.springframework.amqp.rabbit.core.RabbitAdmin.getQueueProperties(RabbitAdmin.java:447)
	at org.springframework.amqp.rabbit.listener.AbstractMessageListenerContainer.attemptDeclarations(AbstractMessageListenerContainer.java:1942)
	at org.springframework.amqp.rabbit.listener.AbstractMessageListenerContainer.redeclareElementsIfNecessary(AbstractMessageListenerContainer.java:1915)
	at org.springframework.amqp.rabbit.listener.SimpleMessageListenerContainer$AsyncMessageProcessingConsumer.initialize(SimpleMessageListenerContainer.java:1384)
	at org.springframework.amqp.rabbit.listener.SimpleMessageListenerContainer$AsyncMessageProcessingConsumer.run(SimpleMessageListenerContainer.java:1230)
	at java.base/java.lang.Thread.run(Thread.java:829)
Caused by: java.net.NoRouteToHostException: No route to host: connect
	at java.base/java.net.PlainSocketImpl.waitForConnect(Native Method)
	at java.base/java.net.PlainSocketImpl.socketConnect(PlainSocketImpl.java:107)
	at java.base/java.net.AbstractPlainSocketImpl.doConnect(AbstractPlainSocketImpl.java:412)
	at java.base/java.net.AbstractPlainSocketImpl.connectToAddress(AbstractPlainSocketImpl.java:255)
	at java.base/java.net.AbstractPlainSocketImpl.connect(AbstractPlainSocketImpl.java:237)
	at java.base/java.net.SocksSocketImpl.connect(SocksSocketImpl.java:392)
	at java.base/java.net.Socket.connect(Socket.java:609)
	at com.rabbitmq.client.impl.SocketFrameHandlerFactory.create(SocketFrameHandlerFactory.java:60)
	at com.rabbitmq.client.ConnectionFactory.newConnection(ConnectionFactory.java:1223)
	at com.rabbitmq.client.ConnectionFactory.newConnection(ConnectionFactory.java:1173)
	at org.springframework.amqp.rabbit.connection.AbstractConnectionFactory.connectAddresses(AbstractConnectionFactory.java:641)
	at org.springframework.amqp.rabbit.connection.AbstractConnectionFactory.connect(AbstractConnectionFactory.java:616)
	at org.springframework.amqp.rabbit.connection.AbstractConnectionFactory.createBareConnection(AbstractConnectionFactory.java:566)
	... 12 common frames omitted
26-03-19.09:05:29.717 [org.springframework.amqp.rabbit.RabbitListenerEndpointContainer#3-2] ERROR SimpleMessageListenerContainer - Failed to check/redeclare auto-delete queue(s).
org.springframework.amqp.AmqpIOException: java.net.NoRouteToHostException: No route to host: connect
	at org.springframework.amqp.rabbit.support.RabbitExceptionTranslator.convertRabbitAccessException(RabbitExceptionTranslator.java:70)
	at org.springframework.amqp.rabbit.connection.AbstractConnectionFactory.createBareConnection(AbstractConnectionFactory.java:603)
	at org.springframework.amqp.rabbit.connection.CachingConnectionFactory.createConnection(CachingConnectionFactory.java:725)
	at org.springframework.amqp.rabbit.connection.ConnectionFactoryUtils.createConnection(ConnectionFactoryUtils.java:252)
	at org.springframework.amqp.rabbit.core.RabbitTemplate.doExecute(RabbitTemplate.java:2210)
	at org.springframework.amqp.rabbit.core.RabbitTemplate.execute(RabbitTemplate.java:2183)
	at org.springframework.amqp.rabbit.core.RabbitTemplate.execute(RabbitTemplate.java:2163)
	at org.springframework.amqp.rabbit.core.RabbitAdmin.getQueueInfo(RabbitAdmin.java:463)
	at org.springframework.amqp.rabbit.core.RabbitAdmin.getQueueProperties(RabbitAdmin.java:447)
	at org.springframework.amqp.rabbit.listener.AbstractMessageListenerContainer.attemptDeclarations(AbstractMessageListenerContainer.java:1942)
	at org.springframework.amqp.rabbit.listener.AbstractMessageListenerContainer.redeclareElementsIfNecessary(AbstractMessageListenerContainer.java:1915)
	at org.springframework.amqp.rabbit.listener.SimpleMessageListenerContainer$AsyncMessageProcessingConsumer.initialize(SimpleMessageListenerContainer.java:1384)
	at org.springframework.amqp.rabbit.listener.SimpleMessageListenerContainer$AsyncMessageProcessingConsumer.run(SimpleMessageListenerContainer.java:1230)
	at java.base/java.lang.Thread.run(Thread.java:829)
Caused by: java.net.NoRouteToHostException: No route to host: connect
	at java.base/java.net.PlainSocketImpl.waitForConnect(Native Method)
	at java.base/java.net.PlainSocketImpl.socketConnect(PlainSocketImpl.java:107)
	at java.base/java.net.AbstractPlainSocketImpl.doConnect(AbstractPlainSocketImpl.java:412)
	at java.base/java.net.AbstractPlainSocketImpl.connectToAddress(AbstractPlainSocketImpl.java:255)
	at java.base/java.net.AbstractPlainSocketImpl.connect(AbstractPlainSocketImpl.java:237)
	at java.base/java.net.SocksSocketImpl.connect(SocksSocketImpl.java:392)
	at java.base/java.net.Socket.connect(Socket.java:609)
	at com.rabbitmq.client.impl.SocketFrameHandlerFactory.create(SocketFrameHandlerFactory.java:60)
	at com.rabbitmq.client.ConnectionFactory.newConnection(ConnectionFactory.java:1223)
	at com.rabbitmq.client.ConnectionFactory.newConnection(ConnectionFactory.java:1173)
	at org.springframework.amqp.rabbit.connection.AbstractConnectionFactory.connectAddresses(AbstractConnectionFactory.java:641)
	at org.springframework.amqp.rabbit.connection.AbstractConnectionFactory.connect(AbstractConnectionFactory.java:616)
	at org.springframework.amqp.rabbit.connection.AbstractConnectionFactory.createBareConnection(AbstractConnectionFactory.java:566)
	... 12 common frames omitted
26-03-19.09:05:29.721 [pool-6-thread-20] WARN  PoolBase               - Retail_HikariCP - Failed to validate connection com.mysql.cj.jdbc.ConnectionImpl@568635a9 (The last packet successfully received from the server was 49,296,871 milliseconds ago. The last packet sent successfully to the server was 49,296,927 milliseconds ago. is longer than the server configured value of 'wait_timeout'. You should consider either expiring and/or testing connection validity before use in your application, increasing the server configured values for client timeouts, or using the Connector/J connection property 'autoReconnect=true' to avoid this problem.). Possibly consider using a shorter maxLifetime value.
26-03-19.09:05:29.721 [pool-6-thread-19] WARN  PoolBase               - Retail_HikariCP - Failed to validate connection com.mysql.cj.jdbc.ConnectionImpl@66b75260 (The last packet successfully received from the server was 49,296,276 milliseconds ago. The last packet sent successfully to the server was 49,296,332 milliseconds ago. is longer than the server configured value of 'wait_timeout'. You should consider either expiring and/or testing connection validity before use in your application, increasing the server configured values for client timeouts, or using the Connector/J connection property 'autoReconnect=true' to avoid this problem.). Possibly consider using a shorter maxLifetime value.
26-03-19.09:05:29.725 [org.springframework.amqp.rabbit.RabbitListenerEndpointContainer#0-2] ERROR SimpleMessageListenerContainer - Failed to check/redeclare auto-delete queue(s).
org.springframework.amqp.AmqpIOException: java.net.NoRouteToHostException: No route to host: connect
	at org.springframework.amqp.rabbit.support.RabbitExceptionTranslator.convertRabbitAccessException(RabbitExceptionTranslator.java:70)
	at org.springframework.amqp.rabbit.connection.AbstractConnectionFactory.createBareConnection(AbstractConnectionFactory.java:603)
	at org.springframework.amqp.rabbit.connection.CachingConnectionFactory.createConnection(CachingConnectionFactory.java:725)
	at org.springframework.amqp.rabbit.connection.ConnectionFactoryUtils.createConnection(ConnectionFactoryUtils.java:252)
	at org.springframework.amqp.rabbit.core.RabbitTemplate.doExecute(RabbitTemplate.java:2210)
	at org.springframework.amqp.rabbit.core.RabbitTemplate.execute(RabbitTemplate.java:2183)
	at org.springframework.amqp.rabbit.core.RabbitTemplate.execute(RabbitTemplate.java:2163)
	at org.springframework.amqp.rabbit.core.RabbitAdmin.getQueueInfo(RabbitAdmin.java:463)
	at org.springframework.amqp.rabbit.core.RabbitAdmin.getQueueProperties(RabbitAdmin.java:447)
	at org.springframework.amqp.rabbit.listener.AbstractMessageListenerContainer.attemptDeclarations(AbstractMessageListenerContainer.java:1942)
	at org.springframework.amqp.rabbit.listener.AbstractMessageListenerContainer.redeclareElementsIfNecessary(AbstractMessageListenerContainer.java:1915)
	at org.springframework.amqp.rabbit.listener.SimpleMessageListenerContainer$AsyncMessageProcessingConsumer.initialize(SimpleMessageListenerContainer.java:1384)
	at org.springframework.amqp.rabbit.listener.SimpleMessageListenerContainer$AsyncMessageProcessingConsumer.run(SimpleMessageListenerContainer.java:1230)
	at java.base/java.lang.Thread.run(Thread.java:829)
Caused by: java.net.NoRouteToHostException: No route to host: connect
	at java.base/java.net.PlainSocketImpl.waitForConnect(Native Method)
	at java.base/java.net.PlainSocketImpl.socketConnect(PlainSocketImpl.java:107)
	at java.base/java.net.AbstractPlainSocketImpl.doConnect(AbstractPlainSocketImpl.java:412)
	at java.base/java.net.AbstractPlainSocketImpl.connectToAddress(AbstractPlainSocketImpl.java:255)
	at java.base/java.net.AbstractPlainSocketImpl.connect(AbstractPlainSocketImpl.java:237)
	at java.base/java.net.SocksSocketImpl.connect(SocksSocketImpl.java:392)
	at java.base/java.net.Socket.connect(Socket.java:609)
	at com.rabbitmq.client.impl.SocketFrameHandlerFactory.create(SocketFrameHandlerFactory.java:60)
	at com.rabbitmq.client.ConnectionFactory.newConnection(ConnectionFactory.java:1223)
	at com.rabbitmq.client.ConnectionFactory.newConnection(ConnectionFactory.java:1173)
	at org.springframework.amqp.rabbit.connection.AbstractConnectionFactory.connectAddresses(AbstractConnectionFactory.java:641)
	at org.springframework.amqp.rabbit.connection.AbstractConnectionFactory.connect(AbstractConnectionFactory.java:616)
	at org.springframework.amqp.rabbit.connection.AbstractConnectionFactory.createBareConnection(AbstractConnectionFactory.java:566)
	... 12 common frames omitted
26-03-19.09:05:29.731 [pool-6-thread-19] WARN  PoolBase               - Retail_HikariCP - Failed to validate connection com.mysql.cj.jdbc.ConnectionImpl@35883207 (The last packet successfully received from the server was 49,295,736 milliseconds ago. The last packet sent successfully to the server was 49,295,792 milliseconds ago. is longer than the server configured value of 'wait_timeout'. You should consider either expiring and/or testing connection validity before use in your application, increasing the server configured values for client timeouts, or using the Connector/J connection property 'autoReconnect=true' to avoid this problem.). Possibly consider using a shorter maxLifetime value.
26-03-19.09:05:29.732 [pool-6-thread-20] WARN  PoolBase               - Retail_HikariCP - Failed to validate connection com.mysql.cj.jdbc.ConnectionImpl@6bd93425 (The last packet successfully received from the server was 49,296,321 milliseconds ago. The last packet sent successfully to the server was 49,296,374 milliseconds ago. is longer than the server configured value of 'wait_timeout'. You should consider either expiring and/or testing connection validity before use in your application, increasing the server configured values for client timeouts, or using the Connector/J connection property 'autoReconnect=true' to avoid this problem.). Possibly consider using a shorter maxLifetime value.
26-03-19.09:05:29.735 [pool-6-thread-20] WARN  PoolBase               - Retail_HikariCP - Failed to validate connection com.mysql.cj.jdbc.ConnectionImpl@707de948 (The last packet successfully received from the server was 49,295,694 milliseconds ago. The last packet sent successfully to the server was 49,295,756 milliseconds ago. is longer than the server configured value of 'wait_timeout'. You should consider either expiring and/or testing connection validity before use in your application, increasing the server configured values for client timeouts, or using the Connector/J connection property 'autoReconnect=true' to avoid this problem.). Possibly consider using a shorter maxLifetime value.
26-03-19.09:05:29.735 [pool-6-thread-19] WARN  PoolBase               - Retail_HikariCP - Failed to validate connection com.mysql.cj.jdbc.ConnectionImpl@4880d100 (The last packet successfully received from the server was 49,295,162 milliseconds ago. The last packet sent successfully to the server was 49,295,217 milliseconds ago. is longer than the server configured value of 'wait_timeout'. You should consider either expiring and/or testing connection validity before use in your application, increasing the server configured values for client timeouts, or using the Connector/J connection property 'autoReconnect=true' to avoid this problem.). Possibly consider using a shorter maxLifetime value.
26-03-19.09:05:29.741 [pool-6-thread-19] WARN  PoolBase               - Retail_HikariCP - Failed to validate connection com.mysql.cj.jdbc.ConnectionImpl@2f667eff (The last packet successfully received from the server was 49,294,529 milliseconds ago. The last packet sent successfully to the server was 49,294,583 milliseconds ago. is longer than the server configured value of 'wait_timeout'. You should consider either expiring and/or testing connection validity before use in your application, increasing the server configured values for client timeouts, or using the Connector/J connection property 'autoReconnect=true' to avoid this problem.). Possibly consider using a shorter maxLifetime value.
26-03-19.09:05:29.747 [pool-6-thread-20] WARN  PoolBase               - Retail_HikariCP - Failed to validate connection com.mysql.cj.jdbc.ConnectionImpl@4dbfb40b (The last packet successfully received from the server was 49,295,117 milliseconds ago. The last packet sent successfully to the server was 49,295,177 milliseconds ago. is longer than the server configured value of 'wait_timeout'. You should consider either expiring and/or testing connection validity before use in your application, increasing the server configured values for client timeouts, or using the Connector/J connection property 'autoReconnect=true' to avoid this problem.). Possibly consider using a shorter maxLifetime value.
26-03-19.09:05:29.749 [pool-6-thread-19] WARN  PoolBase               - Retail_HikariCP - Failed to validate connection com.mysql.cj.jdbc.ConnectionImpl@731e1d21 (The last packet successfully received from the server was 49,293,958 milliseconds ago. The last packet sent successfully to the server was 49,294,014 milliseconds ago. is longer than the server configured value of 'wait_timeout'. You should consider either expiring and/or testing connection validity before use in your application, increasing the server configured values for client timeouts, or using the Connector/J connection property 'autoReconnect=true' to avoid this problem.). Possibly consider using a shorter maxLifetime value.
26-03-19.09:05:29.754 [pool-6-thread-20] WARN  PoolBase               - Retail_HikariCP - Failed to validate connection com.mysql.cj.jdbc.ConnectionImpl@5217335d (The last packet successfully received from the server was 49,294,431 milliseconds ago. The last packet sent successfully to the server was 49,294,493 milliseconds ago. is longer than the server configured value of 'wait_timeout'. You should consider either expiring and/or testing connection validity before use in your application, increasing the server configured values for client timeouts, or using the Connector/J connection property 'autoReconnect=true' to avoid this problem.). Possibly consider using a shorter maxLifetime value.
26-03-19.09:05:29.759 [pool-6-thread-19] WARN  PoolBase               - Retail_HikariCP - Failed to validate connection com.mysql.cj.jdbc.ConnectionImpl@772114f (The last packet successfully received from the server was 49,293,314 milliseconds ago. The last packet sent successfully to the server was 49,293,375 milliseconds ago. is longer than the server configured value of 'wait_timeout'. You should consider either expiring and/or testing connection validity before use in your application, increasing the server configured values for client timeouts, or using the Connector/J connection property 'autoReconnect=true' to avoid this problem.). Possibly consider using a shorter maxLifetime value.
26-03-19.09:05:29.775 [pool-6-thread-19] WARN  PoolBase               - Retail_HikariCP - Failed to validate connection com.mysql.cj.jdbc.ConnectionImpl@4934d870 (The last packet successfully received from the server was 49,292,761 milliseconds ago. The last packet sent successfully to the server was 49,292,816 milliseconds ago. is longer than the server configured value of 'wait_timeout'. You should consider either expiring and/or testing connection validity before use in your application, increasing the server configured values for client timeouts, or using the Connector/J connection property 'autoReconnect=true' to avoid this problem.). Possibly consider using a shorter maxLifetime value.
26-03-19.09:05:29.784 [pool-6-thread-20] WARN  PoolBase               - Retail_HikariCP - Failed to validate connection com.mysql.cj.jdbc.ConnectionImpl@162ab2e2 (The last packet successfully received from the server was 49,293,877 milliseconds ago. The last packet sent successfully to the server was 49,293,932 milliseconds ago. is longer than the server configured value of 'wait_timeout'. You should consider either expiring and/or testing connection validity before use in your application, increasing the server configured values for client timeouts, or using the Connector/J connection property 'autoReconnect=true' to avoid this problem.). Possibly consider using a shorter maxLifetime value.
26-03-19.09:05:29.789 [pool-6-thread-19] WARN  PoolBase               - Retail_HikariCP - Failed to validate connection com.mysql.cj.jdbc.ConnectionImpl@5539d62f (The last packet successfully received from the server was 49,292,210 milliseconds ago. The last packet sent successfully to the server was 49,292,266 milliseconds ago. is longer than the server configured value of 'wait_timeout'. You should consider either expiring and/or testing connection validity before use in your application, increasing the server configured values for client timeouts, or using the Connector/J connection property 'autoReconnect=true' to avoid this problem.). Possibly consider using a shorter maxLifetime value.
26-03-19.09:05:29.789 [pool-6-thread-20] WARN  PoolBase               - Retail_HikariCP - Failed to validate connection com.mysql.cj.jdbc.ConnectionImpl@57e016d4 (The last packet successfully received from the server was 49,293,307 milliseconds ago. The last packet sent successfully to the server was 49,293,363 milliseconds ago. is longer than the server configured value of 'wait_timeout'. You should consider either expiring and/or testing connection validity before use in your application, increasing the server configured values for client timeouts, or using the Connector/J connection property 'autoReconnect=true' to avoid this problem.). Possibly consider using a shorter maxLifetime value.
26-03-19.09:05:29.790 [pool-6-thread-19] WARN  PoolBase               - Retail_HikariCP - Failed to validate connection com.mysql.cj.jdbc.ConnectionImpl@56cd3ebc (The last packet successfully received from the server was 49,291,663 milliseconds ago. The last packet sent successfully to the server was 49,291,718 milliseconds ago. is longer than the server configured value of 'wait_timeout'. You should consider either expiring and/or testing connection validity before use in your application, increasing the server configured values for client timeouts, or using the Connector/J connection property 'autoReconnect=true' to avoid this problem.). Possibly consider using a shorter maxLifetime value.
26-03-19.09:05:29.795 [pool-6-thread-20] WARN  PoolBase               - Retail_HikariCP - Failed to validate connection com.mysql.cj.jdbc.ConnectionImpl@67cfefcf (The last packet successfully received from the server was 49,292,771 milliseconds ago. The last packet sent successfully to the server was 49,292,823 milliseconds ago. is longer than the server configured value of 'wait_timeout'. You should consider either expiring and/or testing connection validity before use in your application, increasing the server configured values for client timeouts, or using the Connector/J connection property 'autoReconnect=true' to avoid this problem.). Possibly consider using a shorter maxLifetime value.
26-03-19.09:05:29.795 [pool-6-thread-19] WARN  PoolBase               - Retail_HikariCP - Failed to validate connection com.mysql.cj.jdbc.ConnectionImpl@4122a543 (The last packet successfully received from the server was 49,291,061 milliseconds ago. The last packet sent successfully to the server was 49,291,117 milliseconds ago. is longer than the server configured value of 'wait_timeout'. You should consider either expiring and/or testing connection validity before use in your application, increasing the server configured values for client timeouts, or using the Connector/J connection property 'autoReconnect=true' to avoid this problem.). Possibly consider using a shorter maxLifetime value.
26-03-19.09:05:29.801 [pool-6-thread-20] WARN  PoolBase               - Retail_HikariCP - Failed to validate connection com.mysql.cj.jdbc.ConnectionImpl@ca9b5b0 (The last packet successfully received from the server was 49,292,188 milliseconds ago. The last packet sent successfully to the server was 49,292,245 milliseconds ago. is longer than the server configured value of 'wait_timeout'. You should consider either expiring and/or testing connection validity before use in your application, increasing the server configured values for client timeouts, or using the Connector/J connection property 'autoReconnect=true' to avoid this problem.). Possibly consider using a shorter maxLifetime value.
26-03-19.09:05:29.801 [pool-6-thread-19] WARN  PoolBase               - Retail_HikariCP - Failed to validate connection com.mysql.cj.jdbc.ConnectionImpl@2eba024f (The last packet successfully received from the server was 49,290,487 milliseconds ago. The last packet sent successfully to the server was 49,290,539 milliseconds ago. is longer than the server configured value of 'wait_timeout'. You should consider either expiring and/or testing connection validity before use in your application, increasing the server configured values for client timeouts, or using the Connector/J connection property 'autoReconnect=true' to avoid this problem.). Possibly consider using a shorter maxLifetime value.
26-03-19.09:05:29.803 [pool-6-thread-20] WARN  PoolBase               - Retail_HikariCP - Failed to validate connection com.mysql.cj.jdbc.ConnectionImpl@4f57bb65 (The last packet successfully received from the server was 49,291,620 milliseconds ago. The last packet sent successfully to the server was 49,291,675 milliseconds ago. is longer than the server configured value of 'wait_timeout'. You should consider either expiring and/or testing connection validity before use in your application, increasing the server configured values for client timeouts, or using the Connector/J connection property 'autoReconnect=true' to avoid this problem.). Possibly consider using a shorter maxLifetime value.
26-03-19.09:05:29.804 [pool-6-thread-20] WARN  PoolBase               - Retail_HikariCP - Failed to validate connection com.mysql.cj.jdbc.ConnectionImpl@185642ed (The last packet successfully received from the server was 49,291,015 milliseconds ago. The last packet sent successfully to the server was 49,291,072 milliseconds ago. is longer than the server configured value of 'wait_timeout'. You should consider either expiring and/or testing connection validity before use in your application, increasing the server configured values for client timeouts, or using the Connector/J connection property 'autoReconnect=true' to avoid this problem.). Possibly consider using a shorter maxLifetime value.
26-03-19.09:05:29.805 [pool-6-thread-20] WARN  PoolBase               - Retail_HikariCP - Failed to validate connection com.mysql.cj.jdbc.ConnectionImpl@ff77bf (The last packet successfully received from the server was 49,290,394 milliseconds ago. The last packet sent successfully to the server was 49,290,449 milliseconds ago. is longer than the server configured value of 'wait_timeout'. You should consider either expiring and/or testing connection validity before use in your application, increasing the server configured values for client timeouts, or using the Connector/J connection property 'autoReconnect=true' to avoid this problem.). Possibly consider using a shorter maxLifetime value.
26-03-19.09:05:30.727 [Retail_HikariCP housekeeper] WARN  HikariPool             - Retail_HikariCP - Thread starvation or clock leap detected (housekeeper delta=13h37m9s750ms178µs800ns).
26-03-19.09:05:30.757 [Retail_HikariCP housekeeper] WARN  HikariPool             - Retail_HikariCP - Thread starvation or clock leap detected (housekeeper delta=13h37m9s751ms917µs800ns).
26-03-19.09:05:31.479 [scheduling-1    ] ERROR UpdateAwardStockJob    - 定时任务，更新奖品消耗库存失败
org.springframework.data.redis.RedisConnectionFailureException: Unable to write command into connection! Increase nettyThreads setting. Node source: NodeSource [slot=0, addr=null, redisClient=null, redirect=null, entry=null], connection: RedisConnection@721074265 [redisClient=[addr=redis://175.178.182.172:16379], channel=[id: 0xd31fb6fd, L:/10.1.0.105:7935 ! R:175.178.182.172/175.178.182.172:16379], currentCommand=null, usage=1], command: (LPOP), params: [strategy_award_count_query_key] after 3 retry attempts; nested exception is org.redisson.client.WriteRedisConnectionException: Unable to write command into connection! Increase nettyThreads setting. Node source: NodeSource [slot=0, addr=null, redisClient=null, redirect=null, entry=null], connection: RedisConnection@721074265 [redisClient=[addr=redis://175.178.182.172:16379], channel=[id: 0xd31fb6fd, L:/10.1.0.105:7935 ! R:175.178.182.172/175.178.182.172:16379], currentCommand=null, usage=1], command: (LPOP), params: [strategy_award_count_query_key] after 3 retry attempts
	at org.redisson.spring.data.connection.RedissonExceptionConverter.convert(RedissonExceptionConverter.java:40)
	at org.redisson.spring.data.connection.RedissonExceptionConverter.convert(RedissonExceptionConverter.java:35)
	at org.springframework.data.redis.PassThroughExceptionTranslationStrategy.translate(PassThroughExceptionTranslationStrategy.java:44)
	at org.redisson.spring.data.connection.RedissonConnectionFactory.translateExceptionIfPossible(RedissonConnectionFactory.java:91)
	at org.springframework.dao.support.ChainedPersistenceExceptionTranslator.translateExceptionIfPossible(ChainedPersistenceExceptionTranslator.java:61)
	at org.springframework.dao.support.DataAccessUtils.translateIfNecessary(DataAccessUtils.java:242)
	at org.springframework.dao.support.PersistenceExceptionTranslationInterceptor.invoke(PersistenceExceptionTranslationInterceptor.java:152)
	at org.springframework.aop.framework.ReflectiveMethodInvocation.proceed(ReflectiveMethodInvocation.java:186)
	at org.springframework.aop.framework.CglibAopProxy$CglibMethodInvocation.proceed(CglibAopProxy.java:763)
	at org.springframework.aop.framework.CglibAopProxy$DynamicAdvisedInterceptor.intercept(CglibAopProxy.java:708)
	at com.lym.infrastructure.persistent.repository.StrategyRepository$$EnhancerBySpringCGLIB$$fc012825.takeQueueValue(<generated>)
	at com.lym.domain.strategy.service.raffle.DefaultRaffleStrategy.takeQueueValue(DefaultRaffleStrategy.java:61)
	at com.lym.trigger.job.UpdateAwardStockJob.exec(UpdateAwardStockJob.java:25)
	at jdk.internal.reflect.GeneratedMethodAccessor138.invoke(Unknown Source)
	at java.base/jdk.internal.reflect.DelegatingMethodAccessorImpl.invoke(DelegatingMethodAccessorImpl.java:43)
	at java.base/java.lang.reflect.Method.invoke(Method.java:566)
	at org.springframework.scheduling.support.ScheduledMethodRunnable.run(ScheduledMethodRunnable.java:84)
	at org.springframework.scheduling.support.DelegatingErrorHandlingRunnable.run(DelegatingErrorHandlingRunnable.java:54)
	at org.springframework.scheduling.concurrent.ReschedulingRunnable.run(ReschedulingRunnable.java:95)
	at java.base/java.util.concurrent.Executors$RunnableAdapter.call(Executors.java:515)
	at java.base/java.util.concurrent.FutureTask.run(FutureTask.java:264)
	at java.base/java.util.concurrent.ScheduledThreadPoolExecutor$ScheduledFutureTask.run(ScheduledThreadPoolExecutor.java:304)
	at java.base/java.util.concurrent.ThreadPoolExecutor.runWorker(ThreadPoolExecutor.java:1128)
	at java.base/java.util.concurrent.ThreadPoolExecutor$Worker.run(ThreadPoolExecutor.java:628)
	at java.base/java.lang.Thread.run(Thread.java:829)
Caused by: org.redisson.client.WriteRedisConnectionException: Unable to write command into connection! Increase nettyThreads setting. Node source: NodeSource [slot=0, addr=null, redisClient=null, redirect=null, entry=null], connection: RedisConnection@721074265 [redisClient=[addr=redis://175.178.182.172:16379], channel=[id: 0xd31fb6fd, L:/10.1.0.105:7935 ! R:175.178.182.172/175.178.182.172:16379], currentCommand=null, usage=1], command: (LPOP), params: [strategy_award_count_query_key] after 3 retry attempts
	at org.redisson.command.RedisExecutor.checkWriteFuture(RedisExecutor.java:345)
	at org.redisson.command.RedisExecutor.lambda$execute$3(RedisExecutor.java:188)
	at io.netty.util.concurrent.DefaultPromise.notifyListener0(DefaultPromise.java:590)
	at io.netty.util.concurrent.DefaultPromise.notifyListenersNow(DefaultPromise.java:557)
	at io.netty.util.concurrent.DefaultPromise.notifyListeners(DefaultPromise.java:492)
	at io.netty.util.concurrent.DefaultPromise.setValue0(DefaultPromise.java:636)
	at io.netty.util.concurrent.DefaultPromise.setFailure0(DefaultPromise.java:629)
	at io.netty.util.concurrent.DefaultPromise.tryFailure(DefaultPromise.java:118)
	at io.netty.channel.AbstractChannel$AbstractUnsafe.safeSetFailure(AbstractChannel.java:999)
	at io.netty.channel.AbstractChannel$AbstractUnsafe.write(AbstractChannel.java:860)
	at io.netty.channel.DefaultChannelPipeline$HeadContext.write(DefaultChannelPipeline.java:1367)
	at io.netty.channel.AbstractChannelHandlerContext.invokeWrite0(AbstractChannelHandlerContext.java:877)
	at io.netty.channel.AbstractChannelHandlerContext.invokeWriteAndFlush(AbstractChannelHandlerContext.java:940)
	at io.netty.channel.AbstractChannelHandlerContext$WriteTask.run(AbstractChannelHandlerContext.java:1247)
	at io.netty.util.concurrent.AbstractEventExecutor.runTask(AbstractEventExecutor.java:174)
	at io.netty.util.concurrent.AbstractEventExecutor.safeExecute(AbstractEventExecutor.java:167)
	at io.netty.util.concurrent.SingleThreadEventExecutor.runAllTasks(SingleThreadEventExecutor.java:470)
	at io.netty.channel.nio.NioEventLoop.run(NioEventLoop.java:569)
	at io.netty.util.concurrent.SingleThreadEventExecutor$4.run(SingleThreadEventExecutor.java:997)
	at io.netty.util.internal.ThreadExecutorMap$2.run(ThreadExecutorMap.java:74)
	at io.netty.util.concurrent.FastThreadLocalRunnable.run(FastThreadLocalRunnable.java:30)
	... 1 common frames omitted
Caused by: io.netty.channel.StacklessClosedChannelException: null
	at io.netty.channel.AbstractChannel$AbstractUnsafe.write(Object, ChannelPromise)(Unknown Source)
26-03-19.09:12:21.357 [Thread-8        ] WARN  NotifyCenter           - [NotifyCenter] Start destroying Publisher
26-03-19.09:12:21.357 [Thread-3        ] WARN  HttpClientBeanHolder   - [HttpClientBeanHolder] Start destroying common HttpClient
26-03-19.09:12:21.357 [Thread-8        ] WARN  NotifyCenter           - [NotifyCenter] Destruction of the end
26-03-19.09:12:21.359 [Thread-3        ] WARN  HttpClientBeanHolder   - [HttpClientBeanHolder] Destruction of the end
26-03-19.09:12:21.378 [SpringApplicationShutdownHook] WARN  RegistryManager        -  [DUBBO] All registry instances have been destroyed, failed to fetch any instance. Usually, this means no need to try to do unnecessary redundant resource clearance, all registries has been taken care of., dubbo version: 3.0.9, current host: 192.168.181.1
26-03-19.09:12:21.381 [SpringApplicationShutdownHook] WARN  RegistryManager        -  [DUBBO] All registry instances have been destroyed, failed to fetch any instance. Usually, this means no need to try to do unnecessary redundant resource clearance, all registries has been taken care of., dubbo version: 3.0.9, current host: 192.168.181.1
26-03-19.09:12:21.381 [SpringApplicationShutdownHook] WARN  RegistryManager        -  [DUBBO] All registry instances have been destroyed, failed to fetch any instance. Usually, this means no need to try to do unnecessary redundant resource clearance, all registries has been taken care of., dubbo version: 3.0.9, current host: 192.168.181.1
26-03-19.09:12:21.382 [SpringApplicationShutdownHook] WARN  RegistryManager        -  [DUBBO] All registry instances have been destroyed, failed to fetch any instance. Usually, this means no need to try to do unnecessary redundant resource clearance, all registries has been taken care of., dubbo version: 3.0.9, current host: 192.168.181.1
26-03-19.09:12:22.011 [Dubbo-framework-registry-notification-2-thread-1] WARN  NacosRegistry          -  [DUBBO] Ignore empty notify urls for subscribe url provider://192.168.181.1:20880/com.lym.trigger.api.IRaffleActivityService?anyhost=true&application=big-market&application.version=1.0&background=false&bind.ip=192.168.181.1&bind.port=20880&category=configurators&check=false&deprecated=false&dubbo=2.0.2&dynamic=true&generic=false&interface=com.lym.trigger.api.IRaffleActivityService&methods=queryUserActivityAccount,querySkuProductListByActivityId,creditPayExchangeSku,queryUserCreditAccount,armory,calendarSignRebate,draw,isCalendarSignRebate&pid=47820&qos.enable=false&release=3.0.9&revision=1.0&service-name-mapping=true&side=provider&timestamp=1773833030827&version=1.0, dubbo version: 3.0.9, current host: 192.168.181.1
26-03-19.09:12:23.560 [DubboShutdownHook] WARN  RegistryManager        -  [DUBBO] All registry instances have been destroyed, failed to fetch any instance. Usually, this means no need to try to do unnecessary redundant resource clearance, all registries has been taken care of., dubbo version: 3.0.9, current host: 192.168.181.1
26-03-19.09:12:23.560 [DubboShutdownHook] WARN  RegistryManager        -  [DUBBO] All registry instances have been destroyed, failed to fetch any instance. Usually, this means no need to try to do unnecessary redundant resource clearance, all registries has been taken care of., dubbo version: 3.0.9, current host: 192.168.181.1
26-03-19.09:12:23.561 [DubboShutdownHook] WARN  RegistryManager        -  [DUBBO] All registry instances have been destroyed, failed to fetch any instance. Usually, this means no need to try to do unnecessary redundant resource clearance, all registries has been taken care of., dubbo version: 3.0.9, current host: 192.168.181.1
26-03-19.09:12:23.561 [DubboShutdownHook] WARN  RegistryManager        -  [DUBBO] All registry instances have been destroyed, failed to fetch any instance. Usually, this means no need to try to do unnecessary redundant resource clearance, all registries has been taken care of., dubbo version: 3.0.9, current host: 192.168.181.1
26-03-19.12:28:02.003 [main            ] WARN  CuratorZookeeperClient - session timeout [18000] is less than connection timeout [30000]
26-03-19.12:28:36.605 [main            ] WARN  ConfigurationUtils     -  [DUBBO] Config center was specified, but no config item found., dubbo version: 3.0.9, current host: 192.168.181.1
26-03-19.12:28:36.605 [main            ] WARN  ConfigurationUtils     -  [DUBBO] Config center was specified, but no config item found., dubbo version: 3.0.9, current host: 192.168.181.1
26-03-19.12:28:50.346 [main            ] WARN  LoadBalancerCacheAutoConfiguration$LoadBalancerCaffeineWarnLogger - Spring Cloud LoadBalancer is currently working with the default cache. While this cache implementation is useful for development and tests, it's recommended to use Caffeine cache in production.You can switch to using Caffeine cache, by adding it and org.springframework.cache.caffeine.CaffeineCacheManager to the classpath.
26-03-19.12:28:56.057 [main            ] WARN  ServiceConfig          -  [DUBBO] Use random available port(20880) for protocol dubbo, dubbo version: 3.0.9, current host: 192.168.181.1
26-03-19.12:28:57.546 [main            ] WARN  NacosRegistry          -  [DUBBO] Ignore empty notify urls for subscribe url provider://192.168.181.1:20880/com.lym.trigger.api.IRaffleStrategyService?anyhost=true&application=big-market&application.version=1.0&background=false&bind.ip=192.168.181.1&bind.port=20880&category=configurators&check=false&deprecated=false&dubbo=2.0.2&dynamic=true&generic=false&interface=com.lym.trigger.api.IRaffleStrategyService&methods=randomRaffle,strategyArmory,queryRaffleAwardList,queryRaffleStrategyRuleWeight&pid=62104&qos.enable=false&release=3.0.9&revision=1.0&service-name-mapping=true&side=provider&timestamp=1773894536051&version=1.0, dubbo version: 3.0.9, current host: 192.168.181.1
26-03-19.12:28:58.501 [main            ] WARN  NacosRegistry          -  [DUBBO] Ignore empty notify urls for subscribe url provider://192.168.181.1:20880/com.lym.trigger.api.IRaffleActivityService?anyhost=true&application=big-market&application.version=1.0&background=false&bind.ip=192.168.181.1&bind.port=20880&category=configurators&check=false&deprecated=false&dubbo=2.0.2&dynamic=true&generic=false&interface=com.lym.trigger.api.IRaffleActivityService&methods=queryUserActivityAccount,creditPayExchangeSku,querySkuProductListByActivityId,queryUserCreditAccount,armory,calendarSignRebate,draw,isCalendarSignRebate&pid=62104&qos.enable=false&release=3.0.9&revision=1.0&service-name-mapping=true&side=provider&timestamp=1773894537919&version=1.0, dubbo version: 3.0.9, current host: 192.168.181.1
26-03-19.12:28:59.049 [main            ] WARN  NacosRegistry          -  [DUBBO] Ignore empty notify urls for subscribe url provider://192.168.181.1:20880/org.apache.dubbo.metadata.MetadataService?anyhost=true&application=big-market&application.version=1.0&background=false&bind.ip=192.168.181.1&bind.port=20880&category=configurators&check=false&connections=1&corethreads=2&delay=0&deprecated=false&dubbo=2.0.2&dynamic=true&executes=100&generic=false&getAndListenInstanceMetadata.1.callback=true&getAndListenInstanceMetadata.return=true&getAndListenInstanceMetadata.sent=true&group=big-market&interface=org.apache.dubbo.metadata.MetadataService&methods=getMetadataURL,isMetadataService,getAndListenInstanceMetadata,getExportedURLs,serviceName,version,getSubscribedURLs,exportInstanceMetadata,getExportedServiceURLs,getMetadataInfo,toSortedStrings,getMetadataInfos,getServiceDefinition,getInstanceMetadataChangedListenerMap&pid=62104&qos.enable=false&register=false&release=3.0.9&revision=3.0.9&service-name-mapping=true&side=provider&threadpool=cached&threads=100&timestamp=1773894538642&version=1.0.0, dubbo version: 3.0.9, current host: 192.168.181.1
26-03-19.12:37:12.845 [http-nio-8091-exec-1] ERROR RaffleActivityController - 活动抽奖失败 userId:xiaofuge activityId:100301
com.lym.types.exception.AppException: null
	at com.lym.infrastructure.persistent.repository.StrategyRepository.getRateRange(StrategyRepository.java:112)
	at com.lym.infrastructure.persistent.repository.StrategyRepository.getRateRange(StrategyRepository.java:105)
	at com.lym.infrastructure.persistent.repository.StrategyRepository$$FastClassBySpringCGLIB$$c12010da.invoke(<generated>)
	at org.springframework.cglib.proxy.MethodProxy.invoke(MethodProxy.java:218)
	at org.springframework.aop.framework.CglibAopProxy$CglibMethodInvocation.invokeJoinpoint(CglibAopProxy.java:793)
	at org.springframework.aop.framework.ReflectiveMethodInvocation.proceed(ReflectiveMethodInvocation.java:163)
	at org.springframework.aop.framework.CglibAopProxy$CglibMethodInvocation.proceed(CglibAopProxy.java:763)
	at org.springframework.dao.support.PersistenceExceptionTranslationInterceptor.invoke(PersistenceExceptionTranslationInterceptor.java:137)
	at org.springframework.aop.framework.ReflectiveMethodInvocation.proceed(ReflectiveMethodInvocation.java:186)
	at org.springframework.aop.framework.CglibAopProxy$CglibMethodInvocation.proceed(CglibAopProxy.java:763)
	at org.springframework.aop.framework.CglibAopProxy$DynamicAdvisedInterceptor.intercept(CglibAopProxy.java:708)
	at com.lym.infrastructure.persistent.repository.StrategyRepository$$EnhancerBySpringCGLIB$$7125e7de.getRateRange(<generated>)
	at com.lym.domain.strategy.service.armory.StrategyArmoryDispatch.getRandomAwardId(StrategyArmoryDispatch.java:114)
	at com.lym.domain.strategy.service.rule.chain.impl.DefaultLogicChain.logic(DefaultLogicChain.java:23)
	at com.lym.domain.strategy.service.rule.chain.impl.RuleWeightLogicChain.logic(RuleWeightLogicChain.java:84)
	at com.lym.domain.strategy.service.rule.chain.impl.BlackListLogicChain.logic(BlackListLogicChain.java:46)
	at com.lym.domain.strategy.service.raffle.DefaultRaffleStrategy.raffleLogicChain(DefaultRaffleStrategy.java:36)
	at com.lym.domain.strategy.service.AbstractRaffleStrategy.performRaffle(AbstractRaffleStrategy.java:48)
	at com.lym.trigger.http.RaffleActivityController.draw(RaffleActivityController.java:157)
	at java.base/jdk.internal.reflect.NativeMethodAccessorImpl.invoke0(Native Method)
	at java.base/jdk.internal.reflect.NativeMethodAccessorImpl.invoke(NativeMethodAccessorImpl.java:62)
	at java.base/jdk.internal.reflect.DelegatingMethodAccessorImpl.invoke(DelegatingMethodAccessorImpl.java:43)
	at java.base/java.lang.reflect.Method.invoke(Method.java:566)
	at org.springframework.web.method.support.InvocableHandlerMethod.doInvoke(InvocableHandlerMethod.java:205)
	at org.springframework.web.method.support.InvocableHandlerMethod.invokeForRequest(InvocableHandlerMethod.java:150)
	at org.springframework.web.servlet.mvc.method.annotation.ServletInvocableHandlerMethod.invokeAndHandle(ServletInvocableHandlerMethod.java:117)
	at org.springframework.web.servlet.mvc.method.annotation.RequestMappingHandlerAdapter.invokeHandlerMethod(RequestMappingHandlerAdapter.java:895)
	at org.springframework.web.servlet.mvc.method.annotation.RequestMappingHandlerAdapter.handleInternal(RequestMappingHandlerAdapter.java:808)
	at org.springframework.web.servlet.mvc.method.AbstractHandlerMethodAdapter.handle(AbstractHandlerMethodAdapter.java:87)
	at org.springframework.web.servlet.DispatcherServlet.doDispatch(DispatcherServlet.java:1072)
	at org.springframework.web.servlet.DispatcherServlet.doService(DispatcherServlet.java:965)
	at org.springframework.web.servlet.FrameworkServlet.processRequest(FrameworkServlet.java:1006)
	at org.springframework.web.servlet.FrameworkServlet.doPost(FrameworkServlet.java:909)
	at javax.servlet.http.HttpServlet.service(HttpServlet.java:555)
	at org.springframework.web.servlet.FrameworkServlet.service(FrameworkServlet.java:883)
	at javax.servlet.http.HttpServlet.service(HttpServlet.java:623)
	at org.apache.catalina.core.ApplicationFilterChain.internalDoFilter(ApplicationFilterChain.java:209)
	at org.apache.catalina.core.ApplicationFilterChain.doFilter(ApplicationFilterChain.java:153)
	at org.apache.tomcat.websocket.server.WsFilter.doFilter(WsFilter.java:51)
	at org.apache.catalina.core.ApplicationFilterChain.internalDoFilter(ApplicationFilterChain.java:178)
	at org.apache.catalina.core.ApplicationFilterChain.doFilter(ApplicationFilterChain.java:153)
	at org.springframework.web.filter.RequestContextFilter.doFilterInternal(RequestContextFilter.java:100)
	at org.springframework.web.filter.OncePerRequestFilter.doFilter(OncePerRequestFilter.java:117)
	at org.apache.catalina.core.ApplicationFilterChain.internalDoFilter(ApplicationFilterChain.java:178)
	at org.apache.catalina.core.ApplicationFilterChain.doFilter(ApplicationFilterChain.java:153)
	at org.springframework.web.filter.FormContentFilter.doFilterInternal(FormContentFilter.java:93)
	at org.springframework.web.filter.OncePerRequestFilter.doFilter(OncePerRequestFilter.java:117)
	at org.apache.catalina.core.ApplicationFilterChain.internalDoFilter(ApplicationFilterChain.java:178)
	at org.apache.catalina.core.ApplicationFilterChain.doFilter(ApplicationFilterChain.java:153)
	at org.springframework.boot.actuate.metrics.web.servlet.WebMvcMetricsFilter.doFilterInternal(WebMvcMetricsFilter.java:96)
	at org.springframework.web.filter.OncePerRequestFilter.doFilter(OncePerRequestFilter.java:117)
	at org.apache.catalina.core.ApplicationFilterChain.internalDoFilter(ApplicationFilterChain.java:178)
	at org.apache.catalina.core.ApplicationFilterChain.doFilter(ApplicationFilterChain.java:153)
	at org.springframework.web.filter.CharacterEncodingFilter.doFilterInternal(CharacterEncodingFilter.java:201)
	at org.springframework.web.filter.OncePerRequestFilter.doFilter(OncePerRequestFilter.java:117)
	at org.apache.catalina.core.ApplicationFilterChain.internalDoFilter(ApplicationFilterChain.java:178)
	at org.apache.catalina.core.ApplicationFilterChain.doFilter(ApplicationFilterChain.java:153)
	at org.apache.catalina.core.StandardWrapperValve.invoke(StandardWrapperValve.java:167)
	at org.apache.catalina.core.StandardContextValve.invoke(StandardContextValve.java:90)
	at org.apache.catalina.authenticator.AuthenticatorBase.invoke(AuthenticatorBase.java:481)
	at org.apache.catalina.core.StandardHostValve.invoke(StandardHostValve.java:130)
	at org.apache.catalina.valves.ErrorReportValve.invoke(ErrorReportValve.java:93)
	at org.apache.catalina.core.StandardEngineValve.invoke(StandardEngineValve.java:74)
	at org.apache.catalina.connector.CoyoteAdapter.service(CoyoteAdapter.java:343)
	at org.apache.coyote.http11.Http11Processor.service(Http11Processor.java:390)
	at org.apache.coyote.AbstractProcessorLight.process(AbstractProcessorLight.java:63)
	at org.apache.coyote.AbstractProtocol$ConnectionHandler.process(AbstractProtocol.java:926)
	at org.apache.tomcat.util.net.NioEndpoint$SocketProcessor.doRun(NioEndpoint.java:1791)
	at org.apache.tomcat.util.net.SocketProcessorBase.run(SocketProcessorBase.java:52)
	at org.apache.tomcat.util.threads.ThreadPoolExecutor.runWorker(ThreadPoolExecutor.java:1191)
	at org.apache.tomcat.util.threads.ThreadPoolExecutor$Worker.run(ThreadPoolExecutor.java:659)
	at org.apache.tomcat.util.threads.TaskThread$WrappingRunnable.run(TaskThread.java:61)
	at java.base/java.lang.Thread.run(Thread.java:829)
Caused by: java.lang.Throwable: big_market_strategy_rate_range_key_100006:抽奖策略配置未装配，请通过IStrategyArmory完成装配
	at com.lym.types.exception.AppException.<init>(AppException.java:30)
	... 73 common frames omitted
26-03-19.12:53:47.267 [http-nio-8091-exec-7] WARN  DefaultHandlerExceptionResolver - Resolved [org.springframework.web.bind.MissingServletRequestParameterException: Required request parameter 'activityId' for method parameter type Long is not present]
26-03-19.12:57:55.414 [pool-9-thread-16] WARN  PoolBase               - Retail_HikariCP - Failed to validate connection com.mysql.cj.jdbc.ConnectionImpl@49069dca (Communications link failure

The last packet successfully received from the server was 1,733,370 milliseconds ago. The last packet sent successfully to the server was 1,733,424 milliseconds ago.). Possibly consider using a shorter maxLifetime value.
26-03-19.12:57:55.439 [pool-9-thread-16] WARN  PoolBase               - Retail_HikariCP - Failed to validate connection com.mysql.cj.jdbc.ConnectionImpl@3d191963 (Communications link failure

The last packet successfully received from the server was 1,732,566 milliseconds ago. The last packet sent successfully to the server was 1,732,621 milliseconds ago.). Possibly consider using a shorter maxLifetime value.
26-03-19.12:57:55.499 [pool-9-thread-16] WARN  PoolBase               - Retail_HikariCP - Failed to validate connection com.mysql.cj.jdbc.ConnectionImpl@3d9fee1f (Communications link failure

The last packet successfully received from the server was 1,731,888 milliseconds ago. The last packet sent successfully to the server was 1,731,942 milliseconds ago.). Possibly consider using a shorter maxLifetime value.
26-03-19.12:57:55.932 [org.springframework.amqp.rabbit.RabbitListenerEndpointContainer#3-1] WARN  AwardRepository        - 更新中奖记录，重复更新拦截 userId:xiaofuge giveOutPrizesAggregate:{"userAwardRecordEntity":{"awardId":101,"awardState":"complete","userId":"xiaofuge"},"userCreditAwardEntity":{"creditAmount":56.4,"userId":"xiaofuge"},"userId":"xiaofuge"}
26-03-19.12:58:40.184 [pool-9-thread-14] WARN  PoolBase               - Retail_HikariCP - Failed to validate connection com.mysql.cj.jdbc.ConnectionImpl@45ec918 (Communications link failure

The last packet successfully received from the server was 1,778,230 milliseconds ago. The last packet sent successfully to the server was 1,778,286 milliseconds ago.). Possibly consider using a shorter maxLifetime value.
26-03-19.12:58:40.246 [pool-9-thread-14] WARN  PoolBase               - Retail_HikariCP - Failed to validate connection com.mysql.cj.jdbc.ConnectionImpl@55219a26 (Communications link failure

The last packet successfully received from the server was 1,775,185 milliseconds ago. The last packet sent successfully to the server was 1,775,242 milliseconds ago.). Possibly consider using a shorter maxLifetime value.
26-03-19.12:58:40.586 [pool-9-thread-14] WARN  PoolBase               - Retail_HikariCP - Failed to validate connection com.mysql.cj.jdbc.ConnectionImpl@694c4567 (Communications link failure

The last packet successfully received from the server was 1,774,944 milliseconds ago. The last packet sent successfully to the server was 1,775,001 milliseconds ago.). Possibly consider using a shorter maxLifetime value.
26-03-19.12:58:40.640 [pool-9-thread-14] WARN  PoolBase               - Retail_HikariCP - Failed to validate connection com.mysql.cj.jdbc.ConnectionImpl@66c955c8 (Communications link failure

The last packet successfully received from the server was 1,774,426 milliseconds ago. The last packet sent successfully to the server was 1,774,482 milliseconds ago.). Possibly consider using a shorter maxLifetime value.
26-03-19.12:58:40.698 [pool-9-thread-14] WARN  PoolBase               - Retail_HikariCP - Failed to validate connection com.mysql.cj.jdbc.ConnectionImpl@14ad4600 (Communications link failure

The last packet successfully received from the server was 1,773,649 milliseconds ago. The last packet sent successfully to the server was 1,773,704 milliseconds ago.). Possibly consider using a shorter maxLifetime value.
26-03-19.12:58:40.756 [pool-9-thread-14] WARN  PoolBase               - Retail_HikariCP - Failed to validate connection com.mysql.cj.jdbc.ConnectionImpl@4d841e19 (Communications link failure

The last packet successfully received from the server was 1,773,123 milliseconds ago. The last packet sent successfully to the server was 1,773,175 milliseconds ago.). Possibly consider using a shorter maxLifetime value.
26-03-19.12:58:40.814 [pool-9-thread-14] WARN  PoolBase               - Retail_HikariCP - Failed to validate connection com.mysql.cj.jdbc.ConnectionImpl@46e81db3 (Communications link failure

The last packet successfully received from the server was 1,772,045 milliseconds ago. The last packet sent successfully to the server was 1,772,103 milliseconds ago.). Possibly consider using a shorter maxLifetime value.
26-03-19.12:58:40.868 [pool-9-thread-14] WARN  PoolBase               - Retail_HikariCP - Failed to validate connection com.mysql.cj.jdbc.ConnectionImpl@6aa377b3 (Communications link failure

The last packet successfully received from the server was 1,327,524 milliseconds ago. The last packet sent successfully to the server was 1,327,544 milliseconds ago.). Possibly consider using a shorter maxLifetime value.
26-03-19.12:58:55.170 [pool-9-thread-20] WARN  PoolBase               - Retail_HikariCP - Failed to validate connection com.mysql.cj.jdbc.ConnectionImpl@40b3b802 (Communications link failure

The last packet successfully received from the server was 1,790,095 milliseconds ago. The last packet sent successfully to the server was 1,790,178 milliseconds ago.). Possibly consider using a shorter maxLifetime value.
26-03-19.12:58:55.230 [pool-9-thread-20] WARN  PoolBase               - Retail_HikariCP - Failed to validate connection com.mysql.cj.jdbc.ConnectionImpl@773c5007 (Communications link failure

The last packet successfully received from the server was 1,784,104 milliseconds ago. The last packet sent successfully to the server was 1,784,157 milliseconds ago.). Possibly consider using a shorter maxLifetime value.
26-03-19.12:58:55.281 [pool-9-thread-20] WARN  PoolBase               - Retail_HikariCP - Failed to validate connection com.mysql.cj.jdbc.ConnectionImpl@61f1917c (Communications link failure

The last packet successfully received from the server was 1,782,409 milliseconds ago. The last packet sent successfully to the server was 1,782,463 milliseconds ago.). Possibly consider using a shorter maxLifetime value.
26-03-19.13:00:09.222 [Thread-9        ] WARN  NotifyCenter           - [NotifyCenter] Start destroying Publisher
26-03-19.13:00:09.222 [Thread-4        ] WARN  HttpClientBeanHolder   - [HttpClientBeanHolder] Start destroying common HttpClient
26-03-19.13:00:09.223 [Thread-9        ] WARN  NotifyCenter           - [NotifyCenter] Destruction of the end
26-03-19.13:00:09.225 [Thread-4        ] WARN  HttpClientBeanHolder   - [HttpClientBeanHolder] Destruction of the end
26-03-19.13:00:09.251 [SpringApplicationShutdownHook] WARN  RegistryManager        -  [DUBBO] All registry instances have been destroyed, failed to fetch any instance. Usually, this means no need to try to do unnecessary redundant resource clearance, all registries has been taken care of., dubbo version: 3.0.9, current host: 192.168.181.1
26-03-19.13:00:09.254 [SpringApplicationShutdownHook] WARN  RegistryManager        -  [DUBBO] All registry instances have been destroyed, failed to fetch any instance. Usually, this means no need to try to do unnecessary redundant resource clearance, all registries has been taken care of., dubbo version: 3.0.9, current host: 192.168.181.1
26-03-19.13:00:09.256 [SpringApplicationShutdownHook] WARN  RegistryManager        -  [DUBBO] All registry instances have been destroyed, failed to fetch any instance. Usually, this means no need to try to do unnecessary redundant resource clearance, all registries has been taken care of., dubbo version: 3.0.9, current host: 192.168.181.1
26-03-19.13:00:09.256 [SpringApplicationShutdownHook] WARN  RegistryManager        -  [DUBBO] All registry instances have been destroyed, failed to fetch any instance. Usually, this means no need to try to do unnecessary redundant resource clearance, all registries has been taken care of., dubbo version: 3.0.9, current host: 192.168.181.1
26-03-19.13:00:09.858 [Dubbo-framework-registry-notification-2-thread-1] WARN  NacosRegistry          -  [DUBBO] Ignore empty notify urls for subscribe url provider://192.168.181.1:20880/com.lym.trigger.api.IRaffleActivityService?anyhost=true&application=big-market&application.version=1.0&background=false&bind.ip=192.168.181.1&bind.port=20880&category=configurators&check=false&deprecated=false&dubbo=2.0.2&dynamic=true&generic=false&interface=com.lym.trigger.api.IRaffleActivityService&methods=queryUserActivityAccount,creditPayExchangeSku,querySkuProductListByActivityId,queryUserCreditAccount,armory,calendarSignRebate,draw,isCalendarSignRebate&pid=62104&qos.enable=false&release=3.0.9&revision=1.0&service-name-mapping=true&side=provider&timestamp=1773894537919&version=1.0, dubbo version: 3.0.9, current host: 192.168.181.1
26-03-19.13:00:11.463 [DubboShutdownHook] WARN  RegistryManager        -  [DUBBO] All registry instances have been destroyed, failed to fetch any instance. Usually, this means no need to try to do unnecessary redundant resource clearance, all registries has been taken care of., dubbo version: 3.0.9, current host: 192.168.181.1
26-03-19.13:00:11.463 [DubboShutdownHook] WARN  RegistryManager        -  [DUBBO] All registry instances have been destroyed, failed to fetch any instance. Usually, this means no need to try to do unnecessary redundant resource clearance, all registries has been taken care of., dubbo version: 3.0.9, current host: 192.168.181.1
26-03-19.13:00:11.463 [DubboShutdownHook] WARN  RegistryManager        -  [DUBBO] All registry instances have been destroyed, failed to fetch any instance. Usually, this means no need to try to do unnecessary redundant resource clearance, all registries has been taken care of., dubbo version: 3.0.9, current host: 192.168.181.1
26-03-19.13:00:11.464 [DubboShutdownHook] WARN  RegistryManager        -  [DUBBO] All registry instances have been destroyed, failed to fetch any instance. Usually, this means no need to try to do unnecessary redundant resource clearance, all registries has been taken care of., dubbo version: 3.0.9, current host: 192.168.181.1
